X 5.478      Installer: force directories
X 5.478      Installer: write password hash
X 5.478      Ensure: Establishing connection "root@localhost"
X 5.478      Ensure: Running on "MariaDB", version "10.11.11"
X 5.478      Ensure: Selecting database "vzuvzabuv"
X 5.479      DB [1]: SET NAMES utf8mb4
X 5.479      DB [?]: SHOW TABLES FROM `vzuvzabuv`
X 5.479      Installer: create tables
X 5.479      DB [2]: SHOW TABLES LIKE 'e2BlogActions'
X 5.479      DB [3]: CREATE TABLE `e2BlogActions` (`ID` INT UNSIGNED AUTO_INCREMENT PRIMARY KEY, `SubsetID` INT UNSIGNED DEFAULT '1' NOT NULL, `EntityID` INT UNSIGNED DEFAULT '0' NOT NULL, `Stamp` INT UNSIGNED DEFAULT '0' NOT NULL, `ReadCount` INT DEFAULT '0' NOT NULL, UNIQUE INDEX `EntityIDStamp` (`EntityID`, `Stamp`), INDEX `SubsetID` (`SubsetID`)) ENGINE=InnoDB DEFAULT CHARSET=utf8mb4
X 5.479      DB [4]: SHOW TABLES LIKE 'e2BlogAliases'
X 5.48       DB [5]: CREATE TABLE `e2BlogAliases` (`ID` INT UNSIGNED AUTO_INCREMENT PRIMARY KEY, `SubsetID` INT UNSIGNED DEFAULT '1' NOT NULL, `EntityType` VARCHAR(1) DEFAULT '' NOT NULL, `EntityID` INT UNSIGNED DEFAULT '0' NOT NULL, `Alias` VARCHAR(64) DEFAULT '' NOT NULL, `Stamp` INT UNSIGNED DEFAULT '0' NOT NULL, INDEX `SubsetID` (`SubsetID`), INDEX `Alias` (`Alias`), INDEX `EntityID` (`EntityID`)) ENGINE=InnoDB DEFAULT CHARSET=utf8mb4
X 5.48       DB [6]: SHOW TABLES LIKE 'e2BlogComments'
X 5.48       DB [7]: CREATE TABLE `e2BlogComments` (`ID` INT UNSIGNED AUTO_INCREMENT PRIMARY KEY, `SubsetID` INT UNSIGNED DEFAULT '1' NOT NULL, `NoteID` INT UNSIGNED DEFAULT '0' NOT NULL, `AuthorName` VARCHAR(255) DEFAULT '' NOT NULL, `AuthorEmail` VARCHAR(255) DEFAULT '' NOT NULL, `Text` MEDIUMTEXT, `Reply` MEDIUMTEXT, `IsVisible` TINYINT(1) DEFAULT '1' NOT NULL, `IsFavourite` TINYINT(1) DEFAULT '0' NOT NULL, `IsReplyVisible` TINYINT(1) DEFAULT '0' NOT NULL, `IsReplyFavourite` TINYINT(1) DEFAULT '0' NOT NULL, `IsAnswerAware` TINYINT(1) DEFAULT '1' NOT NULL, `IsSubscriber` TINYINT(1) DEFAULT '0' NOT NULL, `IsSpamSuspect` TINYINT(1) DEFAULT '0' NOT NULL, `IsNew` TINYINT(1) DEFAULT '0' NOT NULL, `Stamp` INT UNSIGNED DEFAULT '0' NOT NULL, `LastModified` INT UNSIGNED DEFAULT '0' NOT NULL, `ReplyStamp` INT UNSIGNED DEFAULT '0' NOT NULL, `ReplyLastModified` INT UNSIGNED DEFAULT '0' NOT NULL, `IP` VARCHAR(39) DEFAULT '' NOT NULL, `IsGIPUsed` TINYINT(1) DEFAULT '0' NOT NULL, `GIP` VARCHAR(15) DEFAULT '' NOT NULL, `GIPAuthorID` VARCHAR(64) DEFAULT '' NOT NULL, INDEX `SubsetID` (`SubsetID`), INDEX `NoteID` (`NoteID`)) ENGINE=InnoDB DEFAULT CHARSET=utf8mb4
X 5.481      DB [8]: SHOW TABLES LIKE 'e2BlogGIPsSessions'
X 5.481      DB [9]: CREATE TABLE `e2BlogGIPsSessions` (`ID` INT UNSIGNED AUTO_INCREMENT PRIMARY KEY, `SubsetID` INT UNSIGNED DEFAULT '1' NOT NULL, `GIP` VARCHAR(15) DEFAULT '' NOT NULL, `GIPAuthorID` VARCHAR(64) DEFAULT '' NOT NULL, `AuthorName` VARCHAR(255) DEFAULT '' NOT NULL, `AuthorEmail` VARCHAR(255) DEFAULT '' NOT NULL, `AuthorProfileLink` VARCHAR(255) DEFAULT '' NOT NULL, `SessionToken` VARCHAR(255) DEFAULT '' NOT NULL, `Stamp` INT UNSIGNED DEFAULT '0' NOT NULL, UNIQUE INDEX `SubsetIDGIPGIPAuthorID` (`SubsetID`, `GIP`, `GIPAuthorID`), INDEX `SubsetID` (`SubsetID`)) ENGINE=InnoDB DEFAULT CHARSET=utf8mb4
X 5.481      DB [10]: SHOW TABLES LIKE 'e2BlogKeywords'
X 5.481      DB [11]: CREATE TABLE `e2BlogKeywords` (`ID` INT UNSIGNED AUTO_INCREMENT PRIMARY KEY, `SubsetID` INT UNSIGNED DEFAULT '1' NOT NULL, `Keyword` VARCHAR(255) DEFAULT '' NOT NULL, `OriginalAlias` VARCHAR(64) DEFAULT '' NOT NULL, `PageTitle` VARCHAR(255) DEFAULT '' NOT NULL, `Description` MEDIUMTEXT, `Summary` MEDIUMTEXT, `Uploads` MEDIUMTEXT, `IsVisible` TINYINT(1) DEFAULT '1' NOT NULL, `IsFavourite` TINYINT(1) DEFAULT '0' NOT NULL, INDEX `SubsetID` (`SubsetID`)) ENGINE=InnoDB DEFAULT CHARSET=utf8mb4
X 5.482      DB [12]: SHOW TABLES LIKE 'e2BlogNotes'
X 5.482      DB [13]: CREATE TABLE `e2BlogNotes` (`ID` INT UNSIGNED AUTO_INCREMENT PRIMARY KEY, `SubsetID` INT UNSIGNED DEFAULT '1' NOT NULL, `Title` VARCHAR(255) DEFAULT '' NOT NULL, `Text` MEDIUMTEXT, `Summary` MEDIUMTEXT, `FormatterID` VARCHAR(32) DEFAULT 'neasden' NOT NULL, `OriginalAlias` VARCHAR(64) DEFAULT '' NOT NULL, `Uploads` MEDIUMTEXT, `IsPublished` TINYINT(1) DEFAULT '0' NOT NULL, `IsCommentable` TINYINT(1) DEFAULT '0' NOT NULL, `IsVisible` TINYINT(1) DEFAULT '1' NOT NULL, `IsFavourite` TINYINT(1) DEFAULT '0' NOT NULL, `Stamp` INT UNSIGNED DEFAULT '0' NOT NULL, `LastModified` INT UNSIGNED DEFAULT '0' NOT NULL, `Offset` INT DEFAULT '0' NOT NULL, `IsDST` TINYINT(1) DEFAULT '0' NOT NULL, `IsIndexed` TINYINT(1) DEFAULT '0' NOT NULL, `IsExternal` TINYINT(1) DEFAULT '0' NOT NULL, `ReadCount` INT UNSIGNED DEFAULT '0' NOT NULL, `SourceID` INT UNSIGNED DEFAULT '0' NOT NULL, `SourceNoteID` INT UNSIGNED DEFAULT '0' NOT NULL, `SourceNoteURL` VARCHAR(255) DEFAULT '' NOT NULL, `SourceNoteJSONURL` VARCHAR(255) DEFAULT '' NOT NULL, `SourceNoteData` MEDIUMTEXT, FULLTEXT `TitleText` (`Title`, `Text`), INDEX `SubsetID` (`SubsetID`), INDEX `Stamp` (`Stamp`), INDEX `SourceID` (`SourceID`), INDEX `SourceNoteID` (`SourceNoteID`)) ENGINE=InnoDB DEFAULT CHARSET=utf8mb4
X 5.482      DB [14]: SHOW TABLES LIKE 'e2BlogNotesKeywords'
X 5.482      DB [15]: CREATE TABLE `e2BlogNotesKeywords` (`ID` INT UNSIGNED AUTO_INCREMENT PRIMARY KEY, `SubsetID` INT UNSIGNED DEFAULT '1' NOT NULL, `NoteID` INT UNSIGNED DEFAULT '0' NOT NULL, `KeywordID` INT UNSIGNED DEFAULT '0' NOT NULL, INDEX `SubsetID` (`SubsetID`), INDEX `NoteID` (`NoteID`)) ENGINE=InnoDB DEFAULT CHARSET=utf8mb4
X 5.482      DB [16]: SHOW TABLES LIKE 'e2BlogSources'
X 5.482      DB [17]: CREATE TABLE `e2BlogSources` (`ID` INT UNSIGNED AUTO_INCREMENT PRIMARY KEY, `SubsetID` INT UNSIGNED DEFAULT '1' NOT NULL, `TrueID` INT UNSIGNED DEFAULT '0' NOT NULL, `Title` VARCHAR(255) DEFAULT '' NOT NULL, `AuthorName` VARCHAR(255) DEFAULT '' NOT NULL, `URL` VARCHAR(255) DEFAULT '' NOT NULL, `PictureURL` VARCHAR(255) DEFAULT '' NOT NULL, `IsWhiteListed` TINYINT(1) DEFAULT '0' NOT NULL, `IsTrusted` TINYINT(1) DEFAULT '0' NOT NULL, INDEX `SubsetID` (`SubsetID`)) ENGINE=InnoDB DEFAULT CHARSET=utf8mb4
X 5.482      Installer: write settings
X 5.482      Installer: search index
X 5.482      No database configuration found in Environment
X 5.482      No database configuration found in Config
X 5.482      Database configuration found in Settings
X 5.482      Caches: Drop all kinds of caches
X 5.482      Backup to user/backup/
X 5.483      Backup: wrote header
X 5.483      Backup: table e2BlogActions, subset 1
X 5.483      Backup: wrote table definition with result 1
X 5.483      Backup: chunk size 50000
X 5.483      Backup: wrote table data with result 1
X 5.483      Backup: table e2BlogAliases, subset 1
X 5.483      Backup: wrote table definition with result 1
X 5.483      Backup: chunk size 20000
X 5.483      Backup: wrote table data with result 1
X 5.483      Backup: table e2BlogComments, subset 1
X 5.484      Backup: wrote table definition with result 1
X 5.484      Backup: chunk size 5000
X 5.484      Backup: wrote table data with result 1
X 5.484      Backup: table e2BlogGIPsSessions, subset 1
X 5.484      Backup: wrote table definition with result 1
X 5.484      Backup: chunk size 5000
X 5.484      Backup: wrote table data with result 1
X 5.484      Backup: table e2BlogKeywords, subset 1
X 5.484      Backup: wrote table definition with result 1
X 5.484      Backup: chunk size 5000
X 5.484      Backup: wrote table data with result 1
X 5.484      Backup: table e2BlogNotes, subset 1
X 5.484      Backup: wrote table definition with result 1
X 5.485      Backup: chunk size 5000
X 5.485      Backup: wrote table data with result 1
X 5.485      Backup: table e2BlogNotesKeywords, subset 1
X 5.485      Backup: wrote table definition with result 1
X 5.485      Backup: chunk size 5000
X 5.485      Backup: wrote table data with result 1
X 5.485      Backup: table e2BlogSources, subset 1
X 5.485      Backup: wrote table definition with result 1
X 5.485      Backup: chunk size 5000
X 5.485      Backup: wrote table data with result 1
X 5.485      Backup: wrote data with running == 1
X 5.485      No need to sift
X 5.485      Installer: instantiate
X 5.485      Installer: complete
X 5.485      Running on Apache
X 5.485      There is an .htaccess file in the installation directory
X 5.486      Spawn: Curl http://blog.blogengine.pp.ua/?go=settings/underhood/index/ using get...
X 5.486      Spawn: Curl returns: [Array
(
    [url] => http://blog.blogengine.pp.ua/?go=settings/underhood/index/
    [content_type] => text/html; charset=UTF-8
    [http_code] => 200
    [header_size] => 244
    [request_size] => 200
    [filetime] => -1
    [ssl_verify_result] => 0
    [redirect_count] => 0
    [total_time] => 0.104866
    [namelookup_time] => 0.09907
    [connect_time] => 0.099734
    [pretransfer_time] => 0.099773
    [size_upload] => 0
    [size_download] => 91
    [speed_download] => 867
    [speed_upload] => 0
    [download_content_length] => -1
    [upload_content_length] => 0
    [starttransfer_time] => 0.104667
    [redirect_time] => 0
    [redirect_url] => 
    [primary_ip] => 95.46.199.19
    [certinfo] => Array
        (
        )

    [primary_port] => 80
    [local_ip] => 192.168.1.208
    [local_port] => 42590
    [http_version] => 2
    [protocol] => 1
    [ssl_verifyresult] => 0
    [scheme] => HTTP
    [appconnect_time_us] => 0
    [connect_time_us] => 99734
    [namelookup_time_us] => 99070
    [pretransfer_time_us] => 99773
    [redirect_time_us] => 0
    [starttransfer_time_us] => 104667
    [total_time_us] => 104866
    [effective_method] => POST
)
] [<pre>No old lock<br />New lock is 1766935058<br /><br />Indexing complete<br /><br /></pre>], (errno=0, errstr=)...
